<?xml version="1.0" encoding="UTF-8"?>
<!-- Generated by org.testng.reporters.JUnitXMLReporter -->
<testsuite hostname="Sharan-PC" ignored="2" name="TestOnChrome" tests="4" failures="0" timestamp="2020-06-23T12:17:59 IST" time="17.183" errors="0">
  <testcase name="MaximizeAndLink" time="5.806" classname="ThreeBrowsers.FirstClassForLogin"/>
  <testcase name="LoginPage" time="6.228" classname="ThreeBrowsers.FirstClassForLogin"/>
  <testcase name="LoginCheckSoftAssert" time="0.027" classname="ThreeBrowsers.SecondClassForLogout"/>
  <testcase name="LogOut" time="1.593" classname="ThreeBrowsers.SecondClassForLogout"/>
  <testcase name="@BeforeTest BrowserLaunch" time="0.0" classname="ThreeBrowsers.ThreeBrowsersScripts">
    <ignored/>
  </testcase> <!-- @BeforeTest BrowserLaunch -->
  <testcase name="@BeforeTest BrowserLaunch" time="0.0" classname="ThreeBrowsers.ThreeBrowsersScripts">
    <ignored/>
  </testcase> <!-- @BeforeTest BrowserLaunch -->
</testsuite> <!-- TestOnChrome -->
