<?xml version="1.0" encoding="UTF-8"?>
<!-- Generated by org.testng.reporters.JUnitXMLReporter -->
<testsuite hostname="Sharan-PC" ignored="2" name="Test" tests="4" failures="0" timestamp="2020-06-24T17:37:33 IST" time="0.094" errors="0">
  <testcase name="M1" time="0.018" classname="GroupingConcept.ClassA"/>
  <testcase name="M2" time="0.002" classname="GroupingConcept.ClassA"/>
  <testcase name="M3" time="0.002" classname="GroupingConcept.ClassA"/>
  <testcase name="M4" time="0.003" classname="GroupingConcept.ClassA"/>
  <testcase name="M5" time="0.0" classname="GroupingConcept.ClassA">
    <ignored/>
  </testcase> <!-- M5 -->
  <testcase name="M6" time="0.0" classname="GroupingConcept.ClassA">
    <ignored/>
  </testcase> <!-- M6 -->
</testsuite> <!-- Test -->
