<?xml version="1.0" encoding="UTF-8"?>
<!-- Generated by org.testng.reporters.JUnitXMLReporter -->
<testsuite hostname="Sharan-PC" ignored="2" name="TestOnInternetExplorer" tests="7" failures="5" timestamp="2020-06-22T11:49:59 IST" time="2.22" errors="0">
  <testcase name="MaximizeAndLink" time="0.101" classname="ThreeBrowsers.ThreeBrowsersScripts"/>
  <testcase name="MaximizeAndLink" time="0.001" classname="ThreeBrowsers.ThreeBrowsersScripts">
    <failure type="java.lang.NullPointerException">
      <![CDATA[java.lang.NullPointerException
at ThreeBrowsers.ThreeBrowsersScripts.MaximizeAndLink(ThreeBrowsersScripts.java:54)
at java.util.ArrayList.forEach(Unknown Source)
... Removed 27 stack frames]]>
    </failure>
  </testcase> <!-- MaximizeAndLink -->
  <testcase name="LoginPage" time="0.001" classname="ThreeBrowsers.FirstClassForLogin">
    <failure type="java.lang.NullPointerException">
      <![CDATA[java.lang.NullPointerException
at ThreeBrowsers.FirstClassForLogin.LoginPage(FirstClassForLogin.java:12)
at java.util.ArrayList.forEach(Unknown Source)
... Removed 27 stack frames]]>
    </failure>
  </testcase> <!-- LoginPage -->
  <testcase name="MaximizeAndLink" time="0.001" classname="ThreeBrowsers.ThreeBrowsersScripts">
    <failure type="java.lang.NullPointerException">
      <![CDATA[java.lang.NullPointerException
at ThreeBrowsers.ThreeBrowsersScripts.MaximizeAndLink(ThreeBrowsersScripts.java:54)
at java.util.ArrayList.forEach(Unknown Source)
... Removed 27 stack frames]]>
    </failure>
  </testcase> <!-- MaximizeAndLink -->
  <testcase name="LoginPage" time="0.002" classname="ThreeBrowsers.FirstClassForLogin">
    <failure type="java.lang.NullPointerException">
      <![CDATA[java.lang.NullPointerException
at ThreeBrowsers.FirstClassForLogin.LoginPage(FirstClassForLogin.java:12)
at java.util.ArrayList.forEach(Unknown Source)
... Removed 27 stack frames]]>
    </failure>
  </testcase> <!-- LoginPage -->
  <testcase name="LoginCheckSoftAssert" time="0.001" classname="ThreeBrowsers.SecondClassForLogout"/>
  <testcase name="LogOut" time="0.001" classname="ThreeBrowsers.SecondClassForLogout">
    <failure type="java.lang.NullPointerException">
      <![CDATA[java.lang.NullPointerException
at ThreeBrowsers.SecondClassForLogout.LogOut(SecondClassForLogout.java:29)
at java.util.ArrayList.forEach(Unknown Source)
... Removed 27 stack frames]]>
    </failure>
  </testcase> <!-- LogOut -->
  <testcase name="@BeforeTest BrowserLaunch" time="0.0" classname="ThreeBrowsers.ThreeBrowsersScripts">
    <ignored/>
  </testcase> <!-- @BeforeTest BrowserLaunch -->
  <testcase name="@BeforeTest BrowserLaunch" time="0.0" classname="ThreeBrowsers.ThreeBrowsersScripts">
    <ignored/>
  </testcase> <!-- @BeforeTest BrowserLaunch -->
</testsuite> <!-- TestOnInternetExplorer -->
