<?xml version="1.0" encoding="UTF-8"?>
<!-- Generated by org.testng.reporters.JUnitXMLReporter -->
<testsuite hostname="Sharan-PC" ignored="0" name="Default test" tests="9" failures="0" timestamp="2020-06-24T14:49:45 IST" time="0.125" errors="0">
  <testcase name="M1" time="0.022" classname="GroupingConcept.ClassA"/>
  <testcase name="M2" time="0.005" classname="GroupingConcept.ClassA"/>
  <testcase name="M3" time="0.004" classname="GroupingConcept.ClassA"/>
  <testcase name="M4" time="0.003" classname="GroupingConcept.ClassA"/>
  <testcase name="M5" time="0.003" classname="GroupingConcept.ClassA"/>
  <testcase name="M6" time="0.002" classname="GroupingConcept.ClassA"/>
  <testcase name="M7" time="0.002" classname="GroupingConcept.ClassA"/>
  <testcase name="M8" time="0.002" classname="GroupingConcept.ClassA"/>
  <testcase name="M9" time="0.002" classname="GroupingConcept.ClassA"/>
</testsuite> <!-- Default test -->
